<?xml version="1.0" encoding="UTF-8"?>
<testng-results skipped="0" failed="1" ignored="0" total="1" passed="0">
  <reporter-output>
  </reporter-output>
  <suite name="Default suite" duration-ms="12414" started-at="2017-12-15T18:53:12Z" finished-at="2017-12-15T18:53:24Z">
    <groups>
    </groups>
    <test name="Default test" duration-ms="12414" started-at="2017-12-15T18:53:12Z" finished-at="2017-12-15T18:53:24Z">
      <class name="com.schooltas.dashboard.tests.licenseTests.LicenseTests">
        <test-method status="PASS" signature="beforeTest()[pri:0, instance:com.schooltas.dashboard.tests.licenseTests.LicenseTests@5419f379]" name="beforeTest" is-config="true" duration-ms="2549" started-at="2017-12-15T20:53:12Z" finished-at="2017-12-15T20:53:14Z">
          <reporter-output>
          </reporter-output>
        </test-method> <!-- beforeTest -->
        <test-method status="FAIL" signature="createBookLicense()[pri:0, instance:com.schooltas.dashboard.tests.licenseTests.LicenseTests@5419f379]" name="createBookLicense" duration-ms="9765" started-at="2017-12-15T20:53:14Z" finished-at="2017-12-15T20:53:24Z">
          <exception class="java.lang.NullPointerException">
            <full-stacktrace>
              <![CDATA[java.lang.NullPointerException
	at com.schooltas.dashboard.pages.licenses.AddBookToLicensePage.addBookToLicense(AddBookToLicensePage.java:26)
	at com.schooltas.dashboard.pages.licenses.CreateLicensePage.createBookLicense(CreateLicensePage.java:28)
	at com.schooltas.dashboard.tests.licenseTests.LicenseTests.createBookLicense(LicenseTests.java:21)
	at sun.reflect.NativeMethodAccessorImpl.invoke0(Native Method)
	at sun.reflect.NativeMethodAccessorImpl.invoke(NativeMethodAccessorImpl.java:62)
	at sun.reflect.DelegatingMethodAccessorImpl.invoke(DelegatingMethodAccessorImpl.java:43)
	at java.lang.reflect.Method.invoke(Method.java:498)
	at org.testng.internal.MethodInvocationHelper.invokeMethod(MethodInvocationHelper.java:108)
	at org.testng.internal.Invoker.invokeMethod(Invoker.java:669)
	at org.testng.internal.Invoker.invokeTestMethod(Invoker.java:877)
	at org.testng.internal.Invoker.invokeTestMethods(Invoker.java:1201)
	at org.testng.internal.TestMethodWorker.invokeTestMethods(TestMethodWorker.java:125)
	at org.testng.internal.TestMethodWorker.run(TestMethodWorker.java:109)
	at org.testng.TestRunner.privateRun(TestRunner.java:776)
	at org.testng.TestRunner.run(TestRunner.java:634)
	at org.testng.SuiteRunner.runTest(SuiteRunner.java:425)
	at org.testng.SuiteRunner.runSequentially(SuiteRunner.java:420)
	at org.testng.SuiteRunner.privateRun(SuiteRunner.java:385)
	at org.testng.SuiteRunner.run(SuiteRunner.java:334)
	at org.testng.SuiteRunnerWorker.runSuite(SuiteRunnerWorker.java:52)
	at org.testng.SuiteRunnerWorker.run(SuiteRunnerWorker.java:86)
	at org.testng.TestNG.runSuitesSequentially(TestNG.java:1318)
	at org.testng.TestNG.runSuitesLocally(TestNG.java:1243)
	at org.testng.TestNG.runSuites(TestNG.java:1161)
	at org.testng.TestNG.run(TestNG.java:1129)
	at org.testng.remote.AbstractRemoteTestNG.run(AbstractRemoteTestNG.java:114)
	at org.testng.remote.RemoteTestNG.initAndRun(RemoteTestNG.java:251)
	at org.testng.remote.RemoteTestNG.main(RemoteTestNG.java:77)
]]>
            </full-stacktrace>
          </exception> <!-- java.lang.NullPointerException -->
          <reporter-output>
          </reporter-output>
        </test-method> <!-- createBookLicense -->
        <test-method status="PASS" signature="afterTest()[pri:0, instance:com.schooltas.dashboard.tests.licenseTests.LicenseTests@5419f379]" name="afterTest" is-config="true" duration-ms="85" started-at="2017-12-15T20:53:24Z" finished-at="2017-12-15T20:53:24Z">
          <reporter-output>
          </reporter-output>
        </test-method> <!-- afterTest -->
      </class> <!-- com.schooltas.dashboard.tests.licenseTests.LicenseTests -->
    </test> <!-- Default test -->
  </suite> <!-- Default suite -->
</testng-results>
